app/(admin)/admin/attendance/page.tsx(13,23): error TS2307: Cannot find module '@/components/ui/input' or its corresponding type declarations.
app/(admin)/admin/attendance/page.tsx(123,44): error TS7006: Parameter 'e' implicitly has an 'any' type.
app/(admin)/admin/dashboard/page.tsx(94,30): error TS2304: Cannot find name 'ClipboardCheck'.
components/features/EventForm.tsx(16,23): error TS2307: Cannot find module '@/components/ui/input' or its corresponding type declarations.
components/features/EventForm.tsx(24,14): error TS2339: Property 'min' does not exist on type 'typeof import("D:/GFG/node_modules/zod/index")'.
components/features/EventForm.tsx(40,9): error TS2322: Type 'Resolver<{ [x: string]: any; date: string; description?: string | undefined; imageUrl?: string | undefined; isPublic?: boolean | undefined; }, any, { [x: string]: any; date: string; isPublic: boolean; description?: string | undefined; imageUrl?: string | undefined; }>' is not assignable to type 'Resolver<{ [x: string]: any; date: string; isPublic: boolean; description?: string | undefined; imageUrl?: string | undefined; }, any, { [x: string]: any; date: string; isPublic: boolean; description?: string | undefined; imageUrl?: string | undefined; }>'.
  Types of parameters 'options' and 'options' are incompatible.
    Type 'ResolverOptions<{ [x: string]: any; date: string; isPublic: boolean; description?: string | undefined; imageUrl?: string | undefined; }>' is not assignable to type 'ResolverOptions<{ [x: string]: any; date: string; description?: string | undefined; imageUrl?: string | undefined; isPublic?: boolean | undefined; }>'.
      Type 'boolean | undefined' is not assignable to type 'boolean'.
        Type 'undefined' is not assignable to type 'boolean'.
components/features/EventForm.tsx(72,47): error TS2345: Argument of type '(values: { [x: string]: any; date: string; isPublic: boolean; description?: string | undefined; imageUrl?: string | undefined; }) => Promise<void>' is not assignable to parameter of type 'SubmitHandler<TFieldValues>'.
  Types of parameters 'values' and 'data' are incompatible.
    Type 'TFieldValues' is not assignable to type '{ [x: string]: any; date: string; isPublic: boolean; description?: string | undefined; imageUrl?: string | undefined; }'.
      Type 'FieldValues' is missing the following properties from type '{ [x: string]: any; date: string; isPublic: boolean; description?: string | undefined; imageUrl?: string | undefined; }': date, isPublic
components/features/EventForm.tsx(74,21): error TS2322: Type 'Control<{ [x: string]: any; date: string; isPublic: boolean; description?: string | undefined; imageUrl?: string | undefined; }, any, TFieldValues>' is not assignable to type 'Control<{ [x: string]: any; date: string; isPublic: boolean; description?: string | undefined; imageUrl?: string | undefined; }, any, { [x: string]: any; date: string; isPublic: boolean; description?: string | undefined; imageUrl?: string | undefined; }>'.
  The types of '_options.resolver' are incompatible between these types.
    Type 'Resolver<{ [x: string]: any; date: string; isPublic: boolean; description?: string | undefined; imageUrl?: string | undefined; }, any, TFieldValues> | undefined' is not assignable to type 'Resolver<{ [x: string]: any; date: string; isPublic: boolean; description?: string | undefined; imageUrl?: string | undefined; }, any, { [x: string]: any; date: string; isPublic: boolean; description?: string | undefined; imageUrl?: string | undefined; }> | undefined'.
      Type 'Resolver<{ [x: string]: any; date: string; isPublic: boolean; description?: string | undefined; imageUrl?: string | undefined; }, any, TFieldValues>' is not assignable to type 'Resolver<{ [x: string]: any; date: string; isPublic: boolean; description?: string | undefined; imageUrl?: string | undefined; }, any, { [x: string]: any; date: string; isPublic: boolean; description?: string | undefined; imageUrl?: string | undefined; }>'.
        Type 'ResolverResult<{ [x: string]: any; date: string; isPublic: boolean; description?: string | undefined; imageUrl?: string | undefined; }, TFieldValues> | Promise<...>' is not assignable to type 'ResolverResult<{ [x: string]: any; date: string; isPublic: boolean; description?: string | undefined; imageUrl?: string | undefined; }, { [x: string]: any; date: string; isPublic: boolean; description?: string | undefined; imageUrl?: string | undefined; }> | Promise<...>'.
          Type 'ResolverSuccess<TFieldValues>' is not assignable to type 'ResolverResult<{ [x: string]: any; date: string; isPublic: boolean; description?: string | undefined; imageUrl?: string | undefined; }, { [x: string]: any; date: string; isPublic: boolean; description?: string | undefined; imageUrl?: string | undefined; }> | Promise<...>'.
            Type 'ResolverSuccess<TFieldValues>' is not assignable to type 'ResolverSuccess<{ [x: string]: any; date: string; isPublic: boolean; description?: string | undefined; imageUrl?: string | undefined; }>'.
              Type 'TFieldValues' is not assignable to type '{ [x: string]: any; date: string; isPublic: boolean; description?: string | undefined; imageUrl?: string | undefined; }'.
                Type 'FieldValues' is missing the following properties from type '{ [x: string]: any; date: string; isPublic: boolean; description?: string | undefined; imageUrl?: string | undefined; }': date, isPublic
components/features/EventForm.tsx(89,25): error TS2322: Type 'Control<{ [x: string]: any; date: string; isPublic: boolean; description?: string | undefined; imageUrl?: string | undefined; }, any, TFieldValues>' is not assignable to type 'Control<{ [x: string]: any; date: string; isPublic: boolean; description?: string | undefined; imageUrl?: string | undefined; }, any, { [x: string]: any; date: string; isPublic: boolean; description?: string | undefined; imageUrl?: string | undefined; }>'.
  The types of '_options.resolver' are incompatible between these types.
    Type 'Resolver<{ [x: string]: any; date: string; isPublic: boolean; description?: string | undefined; imageUrl?: string | undefined; }, any, TFieldValues> | undefined' is not assignable to type 'Resolver<{ [x: string]: any; date: string; isPublic: boolean; description?: string | undefined; imageUrl?: string | undefined; }, any, { [x: string]: any; date: string; isPublic: boolean; description?: string | undefined; imageUrl?: string | undefined; }> | undefined'.
      Type 'Resolver<{ [x: string]: any; date: string; isPublic: boolean; description?: string | undefined; imageUrl?: string | undefined; }, any, TFieldValues>' is not assignable to type 'Resolver<{ [x: string]: any; date: string; isPublic: boolean; description?: string | undefined; imageUrl?: string | undefined; }, any, { [x: string]: any; date: string; isPublic: boolean; description?: string | undefined; imageUrl?: string | undefined; }>'.
        Type 'ResolverResult<{ [x: string]: any; date: string; isPublic: boolean; description?: string | undefined; imageUrl?: string | undefined; }, TFieldValues> | Promise<...>' is not assignable to type 'ResolverResult<{ [x: string]: any; date: string; isPublic: boolean; description?: string | undefined; imageUrl?: string | undefined; }, { [x: string]: any; date: string; isPublic: boolean; description?: string | undefined; imageUrl?: string | undefined; }> | Promise<...>'.
          Type 'ResolverSuccess<TFieldValues>' is not assignable to type 'ResolverResult<{ [x: string]: any; date: string; isPublic: boolean; description?: string | undefined; imageUrl?: string | undefined; }, { [x: string]: any; date: string; isPublic: boolean; description?: string | undefined; imageUrl?: string | undefined; }> | Promise<...>'.
            Type 'ResolverSuccess<TFieldValues>' is not assignable to type 'ResolverSuccess<{ [x: string]: any; date: string; isPublic: boolean; description?: string | undefined; imageUrl?: string | undefined; }>'.
              Type 'TFieldValues' is not assignable to type '{ [x: string]: any; date: string; isPublic: boolean; description?: string | undefined; imageUrl?: string | undefined; }'.
                Type 'FieldValues' is missing the following properties from type '{ [x: string]: any; date: string; isPublic: boolean; description?: string | undefined; imageUrl?: string | undefined; }': date, isPublic
components/features/EventForm.tsx(103,25): error TS2322: Type 'Control<{ [x: string]: any; date: string; isPublic: boolean; description?: string | undefined; imageUrl?: string | undefined; }, any, TFieldValues>' is not assignable to type 'Control<{ [x: string]: any; date: string; isPublic: boolean; description?: string | undefined; imageUrl?: string | undefined; }, any, { [x: string]: any; date: string; isPublic: boolean; description?: string | undefined; imageUrl?: string | undefined; }>'.
  The types of '_options.resolver' are incompatible between these types.
    Type 'Resolver<{ [x: string]: any; date: string; isPublic: boolean; description?: string | undefined; imageUrl?: string | undefined; }, any, TFieldValues> | undefined' is not assignable to type 'Resolver<{ [x: string]: any; date: string; isPublic: boolean; description?: string | undefined; imageUrl?: string | undefined; }, any, { [x: string]: any; date: string; isPublic: boolean; description?: string | undefined; imageUrl?: string | undefined; }> | undefined'.
      Type 'Resolver<{ [x: string]: any; date: string; isPublic: boolean; description?: string | undefined; imageUrl?: string | undefined; }, any, TFieldValues>' is not assignable to type 'Resolver<{ [x: string]: any; date: string; isPublic: boolean; description?: string | undefined; imageUrl?: string | undefined; }, any, { [x: string]: any; date: string; isPublic: boolean; description?: string | undefined; imageUrl?: string | undefined; }>'.
        Type 'ResolverResult<{ [x: string]: any; date: string; isPublic: boolean; description?: string | undefined; imageUrl?: string | undefined; }, TFieldValues> | Promise<...>' is not assignable to type 'ResolverResult<{ [x: string]: any; date: string; isPublic: boolean; description?: string | undefined; imageUrl?: string | undefined; }, { [x: string]: any; date: string; isPublic: boolean; description?: string | undefined; imageUrl?: string | undefined; }> | Promise<...>'.
          Type 'ResolverSuccess<TFieldValues>' is not assignable to type 'ResolverResult<{ [x: string]: any; date: string; isPublic: boolean; description?: string | undefined; imageUrl?: string | undefined; }, { [x: string]: any; date: string; isPublic: boolean; description?: string | undefined; imageUrl?: string | undefined; }> | Promise<...>'.
            Type 'ResolverSuccess<TFieldValues>' is not assignable to type 'ResolverSuccess<{ [x: string]: any; date: string; isPublic: boolean; description?: string | undefined; imageUrl?: string | undefined; }>'.
              Type 'TFieldValues' is not assignable to type '{ [x: string]: any; date: string; isPublic: boolean; description?: string | undefined; imageUrl?: string | undefined; }'.
                Type 'FieldValues' is missing the following properties from type '{ [x: string]: any; date: string; isPublic: boolean; description?: string | undefined; imageUrl?: string | undefined; }': date, isPublic
components/features/EventForm.tsx(125,21): error TS2322: Type 'Control<{ [x: string]: any; date: string; isPublic: boolean; description?: string | undefined; imageUrl?: string | undefined; }, any, TFieldValues>' is not assignable to type 'Control<{ [x: string]: any; date: string; isPublic: boolean; description?: string | undefined; imageUrl?: string | undefined; }, any, { [x: string]: any; date: string; isPublic: boolean; description?: string | undefined; imageUrl?: string | undefined; }>'.
  The types of '_options.resolver' are incompatible between these types.
    Type 'Resolver<{ [x: string]: any; date: string; isPublic: boolean; description?: string | undefined; imageUrl?: string | undefined; }, any, TFieldValues> | undefined' is not assignable to type 'Resolver<{ [x: string]: any; date: string; isPublic: boolean; description?: string | undefined; imageUrl?: string | undefined; }, any, { [x: string]: any; date: string; isPublic: boolean; description?: string | undefined; imageUrl?: string | undefined; }> | undefined'.
      Type 'Resolver<{ [x: string]: any; date: string; isPublic: boolean; description?: string | undefined; imageUrl?: string | undefined; }, any, TFieldValues>' is not assignable to type 'Resolver<{ [x: string]: any; date: string; isPublic: boolean; description?: string | undefined; imageUrl?: string | undefined; }, any, { [x: string]: any; date: string; isPublic: boolean; description?: string | undefined; imageUrl?: string | undefined; }>'.
        Type 'ResolverResult<{ [x: string]: any; date: string; isPublic: boolean; description?: string | undefined; imageUrl?: string | undefined; }, TFieldValues> | Promise<...>' is not assignable to type 'ResolverResult<{ [x: string]: any; date: string; isPublic: boolean; description?: string | undefined; imageUrl?: string | undefined; }, { [x: string]: any; date: string; isPublic: boolean; description?: string | undefined; imageUrl?: string | undefined; }> | Promise<...>'.
          Type 'ResolverSuccess<TFieldValues>' is not assignable to type 'ResolverResult<{ [x: string]: any; date: string; isPublic: boolean; description?: string | undefined; imageUrl?: string | undefined; }, { [x: string]: any; date: string; isPublic: boolean; description?: string | undefined; imageUrl?: string | undefined; }> | Promise<...>'.
            Type 'ResolverSuccess<TFieldValues>' is not assignable to type 'ResolverSuccess<{ [x: string]: any; date: string; isPublic: boolean; description?: string | undefined; imageUrl?: string | undefined; }>'.
              Type 'TFieldValues' is not assignable to type '{ [x: string]: any; date: string; isPublic: boolean; description?: string | undefined; imageUrl?: string | undefined; }'.
                Type 'FieldValues' is missing the following properties from type '{ [x: string]: any; date: string; isPublic: boolean; description?: string | undefined; imageUrl?: string | undefined; }': date, isPublic
components/features/EventForm.tsx(140,21): error TS2322: Type 'Control<{ [x: string]: any; date: string; isPublic: boolean; description?: string | undefined; imageUrl?: string | undefined; }, any, TFieldValues>' is not assignable to type 'Control<{ [x: string]: any; date: string; isPublic: boolean; description?: string | undefined; imageUrl?: string | undefined; }, any, { [x: string]: any; date: string; isPublic: boolean; description?: string | undefined; imageUrl?: string | undefined; }>'.
  The types of '_options.resolver' are incompatible between these types.
    Type 'Resolver<{ [x: string]: any; date: string; isPublic: boolean; description?: string | undefined; imageUrl?: string | undefined; }, any, TFieldValues> | undefined' is not assignable to type 'Resolver<{ [x: string]: any; date: string; isPublic: boolean; description?: string | undefined; imageUrl?: string | undefined; }, any, { [x: string]: any; date: string; isPublic: boolean; description?: string | undefined; imageUrl?: string | undefined; }> | undefined'.
      Type 'Resolver<{ [x: string]: any; date: string; isPublic: boolean; description?: string | undefined; imageUrl?: string | undefined; }, any, TFieldValues>' is not assignable to type 'Resolver<{ [x: string]: any; date: string; isPublic: boolean; description?: string | undefined; imageUrl?: string | undefined; }, any, { [x: string]: any; date: string; isPublic: boolean; description?: string | undefined; imageUrl?: string | undefined; }>'.
        Type 'ResolverResult<{ [x: string]: any; date: string; isPublic: boolean; description?: string | undefined; imageUrl?: string | undefined; }, TFieldValues> | Promise<...>' is not assignable to type 'ResolverResult<{ [x: string]: any; date: string; isPublic: boolean; description?: string | undefined; imageUrl?: string | undefined; }, { [x: string]: any; date: string; isPublic: boolean; description?: string | undefined; imageUrl?: string | undefined; }> | Promise<...>'.
          Type 'ResolverSuccess<TFieldValues>' is not assignable to type 'ResolverResult<{ [x: string]: any; date: string; isPublic: boolean; description?: string | undefined; imageUrl?: string | undefined; }, { [x: string]: any; date: string; isPublic: boolean; description?: string | undefined; imageUrl?: string | undefined; }> | Promise<...>'.
            Type 'ResolverSuccess<TFieldValues>' is not assignable to type 'ResolverSuccess<{ [x: string]: any; date: string; isPublic: boolean; description?: string | undefined; imageUrl?: string | undefined; }>'.
              Type 'TFieldValues' is not assignable to type '{ [x: string]: any; date: string; isPublic: boolean; description?: string | undefined; imageUrl?: string | undefined; }'.
                Type 'FieldValues' is missing the following properties from type '{ [x: string]: any; date: string; isPublic: boolean; description?: string | undefined; imageUrl?: string | undefined; }': date, isPublic
tailwind.config.ts(4,5): error TS2322: Type '["class"]' is not assignable to type 'DarkModeStrategy | undefined'.
  Type '["class"]' is not assignable to type '["class", string]'.
    Source has 1 element(s) but target requires 2.
